2021-04-09 17:00:25 -Starting AdminAppplication on DESKTOP-0MTBOJ2 with PID 7780 (D:\mlb\cloud\boot-doulin\doulin-web\target\classes started by Administrator in D:\mlb\cloud\boot-doulin)
2021-04-09 17:00:25 -The following profiles are active: dev
2021-04-09 17:00:25 -Devtools property defaults active! Set 'spring.devtools.add-properties' to 'false' to disable
2021-04-09 17:00:25 -For additional web related logging consider setting the 'logging.level.web' property to 'DEBUG'
2021-04-09 17:00:26 -Multiple Spring Data modules found, entering strict repository configuration mode!
2021-04-09 17:00:26 -Bootstrapping Spring Data Redis repositories in DEFAULT mode.
2021-04-09 17:00:26 -Finished Spring Data repository scanning in 4ms. Found 0 Redis repository interfaces.
2021-04-09 17:00:26 -No MyBatis mapper was found in '[com.doulin.admin]' package. Please check your configuration.
2021-04-09 17:00:26 -Bean 'org.springframework.transaction.annotation.ProxyTransactionManagementConfiguration' of type [org.springframework.transaction.annotation.ProxyTransactionManagementConfiguration] is not eligible for getting processed by all BeanPostProcessors (for example: not eligible for auto-proxying)
2021-04-09 17:00:26 -Tomcat initialized with port(s): 8000 (http)
2021-04-09 17:00:26 -Initializing ProtocolHandler ["http-nio-8000"]
2021-04-09 17:00:26 -Starting service [Tomcat]
2021-04-09 17:00:26 -Starting Servlet engine: [Apache Tomcat/9.0.29]
2021-04-09 17:00:26 -An older version [1.2.18] of the APR based Apache Tomcat Native library is installed, while Tomcat recommends a minimum version of [1.2.23]
2021-04-09 17:00:26 -Loaded APR based Apache Tomcat Native library [1.2.18] using APR version [1.6.5].
2021-04-09 17:00:26 -APR capabilities: IPv6 [true], sendfile [true], accept filters [false], random [true].
2021-04-09 17:00:26 -APR/OpenSSL configuration: useAprConnector [false], useOpenSSL [true]
2021-04-09 17:00:27 -OpenSSL successfully initialized [OpenSSL 1.0.2p  14 Aug 2018]
2021-04-09 17:00:27 -At least one JAR was scanned for TLDs yet contained no TLDs. Enable debug logging for this logger for a complete list of JARs that were scanned but no TLDs were found in them. Skipping unneeded JARs during scanning can improve startup time and JSP compilation time.
2021-04-09 17:00:27 -Initializing Spring embedded WebApplicationContext
2021-04-09 17:00:27 -Root WebApplicationContext: initialization completed in 2348 ms
2021-04-09 17:00:28 -Initializing ExecutorService 'applicationTaskExecutor'
2021-04-09 17:00:28 -Cannot find template location: classpath:/templates/ (please add some templates or check your Thymeleaf configuration)
2021-04-09 17:00:28 -[THYMELEAF][restartedMain] Template Mode 'LEGACYHTML5' is deprecated. Using Template Mode 'HTML' instead.
2021-04-09 17:00:28 -Init DruidDataSource
2021-04-09 17:00:28 -{dataSource-1} inited
2021-04-09 17:00:29 -

Using generated security password: 028706d8-11a5-4dfa-a558-f91c0c101a9e

2021-04-09 17:00:29 -Creating filter chain: any request, [org.springframework.security.web.context.request.async.WebAsyncManagerIntegrationFilter@6dfcd9db, org.springframework.security.web.context.SecurityContextPersistenceFilter@66e1f338, org.springframework.security.web.header.HeaderWriterFilter@29a0a8f1, org.springframework.security.web.csrf.CsrfFilter@587aa44a, org.springframework.security.web.authentication.logout.LogoutFilter@64cbf170, org.springframework.security.web.authentication.UsernamePasswordAuthenticationFilter@6b622167, org.springframework.security.web.authentication.ui.DefaultLoginPageGeneratingFilter@2c8bdbd0, org.springframework.security.web.authentication.ui.DefaultLogoutPageGeneratingFilter@12d27dce, org.springframework.security.web.authentication.www.BasicAuthenticationFilter@391d94a3, org.springframework.security.web.savedrequest.RequestCacheAwareFilter@771c01ff, org.springframework.security.web.servletapi.SecurityContextHolderAwareRequestFilter@20793b1a, org.springframework.security.web.authentication.AnonymousAuthenticationFilter@51cc9ed7, org.springframework.security.web.session.SessionManagementFilter@1357faed, org.springframework.security.web.access.ExceptionTranslationFilter@1e665daf, org.springframework.security.web.access.intercept.FilterSecurityInterceptor@11d79454]
2021-04-09 17:00:29 -LiveReload server is running on port 35729
2021-04-09 17:00:29 -Starting ProtocolHandler ["http-nio-8000"]
2021-04-09 17:00:29 -Tomcat started on port(s): 8000 (http) with context path ''
2021-04-09 17:00:29 -Started AdminAppplication in 4.11 seconds (JVM running for 5.006)
2021-04-09 17:01:37 -Starting AdminAppplication on DESKTOP-0MTBOJ2 with PID 14572 (D:\mlb\cloud\boot-doulin\doulin-web\target\classes started by Administrator in D:\mlb\cloud\boot-doulin)
2021-04-09 17:01:37 -The following profiles are active: dev
2021-04-09 17:01:37 -Devtools property defaults active! Set 'spring.devtools.add-properties' to 'false' to disable
2021-04-09 17:01:37 -For additional web related logging consider setting the 'logging.level.web' property to 'DEBUG'
2021-04-09 17:01:38 -Multiple Spring Data modules found, entering strict repository configuration mode!
2021-04-09 17:01:38 -Bootstrapping Spring Data Redis repositories in DEFAULT mode.
2021-04-09 17:01:38 -Finished Spring Data repository scanning in 4ms. Found 0 Redis repository interfaces.
2021-04-09 17:01:38 -No MyBatis mapper was found in '[com.doulin.admin]' package. Please check your configuration.
2021-04-09 17:01:38 -Bean 'org.springframework.transaction.annotation.ProxyTransactionManagementConfiguration' of type [org.springframework.transaction.annotation.ProxyTransactionManagementConfiguration] is not eligible for getting processed by all BeanPostProcessors (for example: not eligible for auto-proxying)
2021-04-09 17:01:39 -Tomcat initialized with port(s): 8000 (http)
2021-04-09 17:01:39 -Initializing ProtocolHandler ["http-nio-8000"]
2021-04-09 17:01:39 -Starting service [Tomcat]
2021-04-09 17:01:39 -Starting Servlet engine: [Apache Tomcat/9.0.29]
2021-04-09 17:01:39 -An older version [1.2.18] of the APR based Apache Tomcat Native library is installed, while Tomcat recommends a minimum version of [1.2.23]
2021-04-09 17:01:39 -Loaded APR based Apache Tomcat Native library [1.2.18] using APR version [1.6.5].
2021-04-09 17:01:39 -APR capabilities: IPv6 [true], sendfile [true], accept filters [false], random [true].
2021-04-09 17:01:39 -APR/OpenSSL configuration: useAprConnector [false], useOpenSSL [true]
2021-04-09 17:01:40 -OpenSSL successfully initialized [OpenSSL 1.0.2p  14 Aug 2018]
2021-04-09 17:01:40 -At least one JAR was scanned for TLDs yet contained no TLDs. Enable debug logging for this logger for a complete list of JARs that were scanned but no TLDs were found in them. Skipping unneeded JARs during scanning can improve startup time and JSP compilation time.
2021-04-09 17:01:40 -Initializing Spring embedded WebApplicationContext
2021-04-09 17:01:40 -Root WebApplicationContext: initialization completed in 2345 ms
2021-04-09 17:01:40 -Initializing ExecutorService 'applicationTaskExecutor'
2021-04-09 17:01:40 -Cannot find template location: classpath:/templates/ (please add some templates or check your Thymeleaf configuration)
2021-04-09 17:01:40 -[THYMELEAF][restartedMain] Template Mode 'LEGACYHTML5' is deprecated. Using Template Mode 'HTML' instead.
2021-04-09 17:01:40 -Init DruidDataSource
2021-04-09 17:01:40 -{dataSource-1} inited
2021-04-09 17:01:41 -

Using generated security password: c0d0858f-4098-4bea-84f7-75c0ffd9caa9

2021-04-09 17:01:41 -Creating filter chain: any request, [org.springframework.security.web.context.request.async.WebAsyncManagerIntegrationFilter@376d3aca, org.springframework.security.web.context.SecurityContextPersistenceFilter@7ad11395, org.springframework.security.web.header.HeaderWriterFilter@358507d6, org.springframework.security.web.csrf.CsrfFilter@3414ef75, org.springframework.security.web.authentication.logout.LogoutFilter@1806ee2a, org.springframework.security.web.authentication.UsernamePasswordAuthenticationFilter@42ab5865, org.springframework.security.web.authentication.ui.DefaultLoginPageGeneratingFilter@70018335, org.springframework.security.web.authentication.ui.DefaultLogoutPageGeneratingFilter@3d6a94de, org.springframework.security.web.authentication.www.BasicAuthenticationFilter@76f2f082, org.springframework.security.web.savedrequest.RequestCacheAwareFilter@815eafa, org.springframework.security.web.servletapi.SecurityContextHolderAwareRequestFilter@597633f8, org.springframework.security.web.authentication.AnonymousAuthenticationFilter@6796829f, org.springframework.security.web.session.SessionManagementFilter@3f775149, org.springframework.security.web.access.ExceptionTranslationFilter@4e5f92aa, org.springframework.security.web.access.intercept.FilterSecurityInterceptor@4f50cdc8]
2021-04-09 17:01:41 -LiveReload server is running on port 35729
2021-04-09 17:01:41 -Starting ProtocolHandler ["http-nio-8000"]
2021-04-09 17:01:41 -Tomcat started on port(s): 8000 (http) with context path ''
2021-04-09 17:01:41 -Started AdminAppplication in 4.182 seconds (JVM running for 5.557)
2021-04-09 17:05:15 -{dataSource-1} closed
2021-04-09 17:05:15 -Shutting down ExecutorService 'applicationTaskExecutor'
2021-04-09 17:05:19 -Starting AdminAppplication on DESKTOP-0MTBOJ2 with PID 13756 (D:\mlb\cloud\boot-doulin\doulin-web\target\classes started by Administrator in D:\mlb\cloud\boot-doulin)
2021-04-09 17:05:19 -The following profiles are active: dev
2021-04-09 17:05:19 -Devtools property defaults active! Set 'spring.devtools.add-properties' to 'false' to disable
2021-04-09 17:05:19 -For additional web related logging consider setting the 'logging.level.web' property to 'DEBUG'
2021-04-09 17:05:20 -Multiple Spring Data modules found, entering strict repository configuration mode!
2021-04-09 17:05:20 -Bootstrapping Spring Data Redis repositories in DEFAULT mode.
2021-04-09 17:05:20 -Finished Spring Data repository scanning in 4ms. Found 0 Redis repository interfaces.
2021-04-09 17:05:20 -No MyBatis mapper was found in '[com.doulin.admin]' package. Please check your configuration.
2021-04-09 17:05:20 -Bean 'org.springframework.transaction.annotation.ProxyTransactionManagementConfiguration' of type [org.springframework.transaction.annotation.ProxyTransactionManagementConfiguration] is not eligible for getting processed by all BeanPostProcessors (for example: not eligible for auto-proxying)
2021-04-09 17:05:20 -Tomcat initialized with port(s): 8000 (http)
2021-04-09 17:05:20 -Initializing ProtocolHandler ["http-nio-8000"]
2021-04-09 17:05:20 -Starting service [Tomcat]
2021-04-09 17:05:20 -Starting Servlet engine: [Apache Tomcat/9.0.29]
2021-04-09 17:05:20 -An older version [1.2.18] of the APR based Apache Tomcat Native library is installed, while Tomcat recommends a minimum version of [1.2.23]
2021-04-09 17:05:20 -Loaded APR based Apache Tomcat Native library [1.2.18] using APR version [1.6.5].
2021-04-09 17:05:20 -APR capabilities: IPv6 [true], sendfile [true], accept filters [false], random [true].
2021-04-09 17:05:20 -APR/OpenSSL configuration: useAprConnector [false], useOpenSSL [true]
2021-04-09 17:05:21 -OpenSSL successfully initialized [OpenSSL 1.0.2p  14 Aug 2018]
2021-04-09 17:05:22 -At least one JAR was scanned for TLDs yet contained no TLDs. Enable debug logging for this logger for a complete list of JARs that were scanned but no TLDs were found in them. Skipping unneeded JARs during scanning can improve startup time and JSP compilation time.
2021-04-09 17:05:22 -Initializing Spring embedded WebApplicationContext
2021-04-09 17:05:22 -Root WebApplicationContext: initialization completed in 2341 ms
2021-04-09 17:05:22 -Initializing ExecutorService 'applicationTaskExecutor'
2021-04-09 17:05:22 -Cannot find template location: classpath:/templates/ (please add some templates or check your Thymeleaf configuration)
2021-04-09 17:05:22 -[THYMELEAF][restartedMain] Template Mode 'LEGACYHTML5' is deprecated. Using Template Mode 'HTML' instead.
2021-04-09 17:05:22 -Init DruidDataSource
2021-04-09 17:05:22 -{dataSource-1} inited
2021-04-09 17:05:23 -

Using generated security password: 1e7d3547-3c65-43bd-af29-e217cd5560f5

2021-04-09 17:05:23 -Creating filter chain: any request, [org.springframework.security.web.context.request.async.WebAsyncManagerIntegrationFilter@5857dd17, org.springframework.security.web.context.SecurityContextPersistenceFilter@359a7bb8, org.springframework.security.web.header.HeaderWriterFilter@196a098a, org.springframework.security.web.csrf.CsrfFilter@54810c22, org.springframework.security.web.authentication.logout.LogoutFilter@601f2996, org.springframework.security.web.authentication.UsernamePasswordAuthenticationFilter@4a5ca2e, org.springframework.security.web.authentication.ui.DefaultLoginPageGeneratingFilter@61b07bf9, org.springframework.security.web.authentication.ui.DefaultLogoutPageGeneratingFilter@5e41797c, org.springframework.security.web.authentication.www.BasicAuthenticationFilter@6876d34d, org.springframework.security.web.savedrequest.RequestCacheAwareFilter@576bce7d, org.springframework.security.web.servletapi.SecurityContextHolderAwareRequestFilter@3e9e47bd, org.springframework.security.web.authentication.AnonymousAuthenticationFilter@72647b4d, org.springframework.security.web.session.SessionManagementFilter@f3793d4, org.springframework.security.web.access.ExceptionTranslationFilter@6b802377, org.springframework.security.web.access.intercept.FilterSecurityInterceptor@57e8ea8b]
2021-04-09 17:05:23 -LiveReload server is running on port 35729
2021-04-09 17:05:23 -Starting ProtocolHandler ["http-nio-8000"]
2021-04-09 17:05:23 -Tomcat started on port(s): 8000 (http) with context path ''
2021-04-09 17:05:23 -Started AdminAppplication in 4.196 seconds (JVM running for 5.159)
2021-04-09 17:05:41 -Initializing Spring DispatcherServlet 'dispatcherServlet'
2021-04-09 17:05:41 -Initializing Servlet 'dispatcherServlet'
2021-04-09 17:05:41 -Completed initialization in 5 ms
2021-04-09 17:09:06 -{dataSource-1} closed
2021-04-09 17:09:06 -Shutting down ExecutorService 'applicationTaskExecutor'
2021-04-09 17:09:11 -Starting AdminAppplication on DESKTOP-0MTBOJ2 with PID 3348 (D:\mlb\cloud\boot-doulin\doulin-web\target\classes started by Administrator in D:\mlb\cloud\boot-doulin)
2021-04-09 17:09:11 -The following profiles are active: dev
2021-04-09 17:09:11 -Devtools property defaults active! Set 'spring.devtools.add-properties' to 'false' to disable
2021-04-09 17:09:11 -For additional web related logging consider setting the 'logging.level.web' property to 'DEBUG'
2021-04-09 17:09:12 -Multiple Spring Data modules found, entering strict repository configuration mode!
2021-04-09 17:09:12 -Bootstrapping Spring Data Redis repositories in DEFAULT mode.
2021-04-09 17:09:12 -Finished Spring Data repository scanning in 4ms. Found 0 Redis repository interfaces.
2021-04-09 17:09:12 -No MyBatis mapper was found in '[com.doulin.admin]' package. Please check your configuration.
2021-04-09 17:09:12 -Bean 'org.springframework.transaction.annotation.ProxyTransactionManagementConfiguration' of type [org.springframework.transaction.annotation.ProxyTransactionManagementConfiguration] is not eligible for getting processed by all BeanPostProcessors (for example: not eligible for auto-proxying)
2021-04-09 17:09:12 -Tomcat initialized with port(s): 8000 (http)
2021-04-09 17:09:12 -Initializing ProtocolHandler ["http-nio-8000"]
2021-04-09 17:09:12 -Starting service [Tomcat]
2021-04-09 17:09:12 -Starting Servlet engine: [Apache Tomcat/9.0.29]
2021-04-09 17:09:12 -An older version [1.2.18] of the APR based Apache Tomcat Native library is installed, while Tomcat recommends a minimum version of [1.2.23]
2021-04-09 17:09:12 -Loaded APR based Apache Tomcat Native library [1.2.18] using APR version [1.6.5].
2021-04-09 17:09:12 -APR capabilities: IPv6 [true], sendfile [true], accept filters [false], random [true].
2021-04-09 17:09:12 -APR/OpenSSL configuration: useAprConnector [false], useOpenSSL [true]
2021-04-09 17:09:13 -OpenSSL successfully initialized [OpenSSL 1.0.2p  14 Aug 2018]
2021-04-09 17:09:14 -At least one JAR was scanned for TLDs yet contained no TLDs. Enable debug logging for this logger for a complete list of JARs that were scanned but no TLDs were found in them. Skipping unneeded JARs during scanning can improve startup time and JSP compilation time.
2021-04-09 17:09:14 -Initializing Spring embedded WebApplicationContext
2021-04-09 17:09:14 -Root WebApplicationContext: initialization completed in 2547 ms
2021-04-09 17:09:14 -Mapped URL path [/v2/api-docs] onto method [springfox.documentation.swagger2.web.Swagger2Controller#getDocumentation(String, HttpServletRequest)]
2021-04-09 17:09:14 -Initializing ExecutorService 'applicationTaskExecutor'
2021-04-09 17:09:14 -LiveReload server is running on port 35729
2021-04-09 17:09:14 -Cannot find template location: classpath:/templates/ (please add some templates or check your Thymeleaf configuration)
2021-04-09 17:09:14 -[THYMELEAF][restartedMain] Template Mode 'LEGACYHTML5' is deprecated. Using Template Mode 'HTML' instead.
2021-04-09 17:09:14 -Init DruidDataSource
2021-04-09 17:09:14 -{dataSource-1} inited
2021-04-09 17:09:15 -

Using generated security password: 80e56f33-c8da-4978-bf58-d3717aae5b46

2021-04-09 17:09:15 -Creating filter chain: any request, [org.springframework.security.web.context.request.async.WebAsyncManagerIntegrationFilter@30d5b30a, org.springframework.security.web.context.SecurityContextPersistenceFilter@4b1441b7, org.springframework.security.web.header.HeaderWriterFilter@5b1f6db9, org.springframework.security.web.csrf.CsrfFilter@4d1e111b, org.springframework.security.web.authentication.logout.LogoutFilter@7a610021, org.springframework.security.web.authentication.UsernamePasswordAuthenticationFilter@260b9dd2, org.springframework.security.web.authentication.ui.DefaultLoginPageGeneratingFilter@105cd832, org.springframework.security.web.authentication.ui.DefaultLogoutPageGeneratingFilter@7c62f14e, org.springframework.security.web.authentication.www.BasicAuthenticationFilter@41f9b985, org.springframework.security.web.savedrequest.RequestCacheAwareFilter@744e5db, org.springframework.security.web.servletapi.SecurityContextHolderAwareRequestFilter@26ce4b3f, org.springframework.security.web.authentication.AnonymousAuthenticationFilter@5356d1e1, org.springframework.security.web.session.SessionManagementFilter@5bef0448, org.springframework.security.web.access.ExceptionTranslationFilter@1eff8510, org.springframework.security.web.access.intercept.FilterSecurityInterceptor@60f74ff2]
2021-04-09 17:09:15 -Context refreshed
2021-04-09 17:09:15 -Found 1 custom documentation plugin(s)
2021-04-09 17:09:15 -Scanning for api listing references
2021-04-09 17:09:15 -Starting ProtocolHandler ["http-nio-8000"]
2021-04-09 17:09:15 -Tomcat started on port(s): 8000 (http) with context path ''
2021-04-09 17:09:15 -Started AdminAppplication in 4.706 seconds (JVM running for 5.623)
2021-04-09 17:09:54 -{dataSource-1} closed
2021-04-09 17:09:54 -Shutting down ExecutorService 'applicationTaskExecutor'
2021-04-09 17:09:59 -Starting AdminAppplication on DESKTOP-0MTBOJ2 with PID 14624 (D:\mlb\cloud\boot-doulin\doulin-web\target\classes started by Administrator in D:\mlb\cloud\boot-doulin)
2021-04-09 17:09:59 -The following profiles are active: dev
2021-04-09 17:09:59 -Devtools property defaults active! Set 'spring.devtools.add-properties' to 'false' to disable
2021-04-09 17:09:59 -For additional web related logging consider setting the 'logging.level.web' property to 'DEBUG'
2021-04-09 17:09:59 -Multiple Spring Data modules found, entering strict repository configuration mode!
2021-04-09 17:09:59 -Bootstrapping Spring Data Redis repositories in DEFAULT mode.
2021-04-09 17:09:59 -Finished Spring Data repository scanning in 4ms. Found 0 Redis repository interfaces.
2021-04-09 17:09:59 -No MyBatis mapper was found in '[com.doulin.admin]' package. Please check your configuration.
2021-04-09 17:10:00 -Bean 'org.springframework.transaction.annotation.ProxyTransactionManagementConfiguration' of type [org.springframework.transaction.annotation.ProxyTransactionManagementConfiguration] is not eligible for getting processed by all BeanPostProcessors (for example: not eligible for auto-proxying)
2021-04-09 17:10:00 -Tomcat initialized with port(s): 8000 (http)
2021-04-09 17:10:00 -Initializing ProtocolHandler ["http-nio-8000"]
2021-04-09 17:10:00 -Starting service [Tomcat]
2021-04-09 17:10:00 -Starting Servlet engine: [Apache Tomcat/9.0.29]
2021-04-09 17:10:00 -An older version [1.2.18] of the APR based Apache Tomcat Native library is installed, while Tomcat recommends a minimum version of [1.2.23]
2021-04-09 17:10:00 -Loaded APR based Apache Tomcat Native library [1.2.18] using APR version [1.6.5].
2021-04-09 17:10:00 -APR capabilities: IPv6 [true], sendfile [true], accept filters [false], random [true].
2021-04-09 17:10:00 -APR/OpenSSL configuration: useAprConnector [false], useOpenSSL [true]
2021-04-09 17:10:01 -OpenSSL successfully initialized [OpenSSL 1.0.2p  14 Aug 2018]
2021-04-09 17:10:01 -At least one JAR was scanned for TLDs yet contained no TLDs. Enable debug logging for this logger for a complete list of JARs that were scanned but no TLDs were found in them. Skipping unneeded JARs during scanning can improve startup time and JSP compilation time.
2021-04-09 17:10:01 -Initializing Spring embedded WebApplicationContext
2021-04-09 17:10:01 -Root WebApplicationContext: initialization completed in 2483 ms
2021-04-09 17:10:01 -Mapped URL path [/v2/api-docs] onto method [springfox.documentation.swagger2.web.Swagger2Controller#getDocumentation(String, HttpServletRequest)]
2021-04-09 17:10:02 -Initializing ExecutorService 'applicationTaskExecutor'
2021-04-09 17:10:02 -LiveReload server is running on port 35729
2021-04-09 17:10:02 -Cannot find template location: classpath:/templates/ (please add some templates or check your Thymeleaf configuration)
2021-04-09 17:10:02 -[THYMELEAF][restartedMain] Template Mode 'LEGACYHTML5' is deprecated. Using Template Mode 'HTML' instead.
2021-04-09 17:10:02 -Init DruidDataSource
2021-04-09 17:10:02 -{dataSource-1} inited
2021-04-09 17:10:03 -

Using generated security password: 166614c2-34d9-4096-9883-9ad5ee24edd9

2021-04-09 17:10:03 -Creating filter chain: any request, [org.springframework.security.web.context.request.async.WebAsyncManagerIntegrationFilter@5cfcf428, org.springframework.security.web.context.SecurityContextPersistenceFilter@4631264, org.springframework.security.web.header.HeaderWriterFilter@7a295d46, org.springframework.security.web.csrf.CsrfFilter@28d1341, org.springframework.security.web.authentication.logout.LogoutFilter@416bfcb4, org.springframework.security.web.authentication.UsernamePasswordAuthenticationFilter@44dbbd82, org.springframework.security.web.authentication.ui.DefaultLoginPageGeneratingFilter@1431e738, org.springframework.security.web.authentication.ui.DefaultLogoutPageGeneratingFilter@49189364, org.springframework.security.web.authentication.www.BasicAuthenticationFilter@5c829f6c, org.springframework.security.web.savedrequest.RequestCacheAwareFilter@10d879d8, org.springframework.security.web.servletapi.SecurityContextHolderAwareRequestFilter@48bb1239, org.springframework.security.web.authentication.AnonymousAuthenticationFilter@2af8d3f8, org.springframework.security.web.session.SessionManagementFilter@1bc22506, org.springframework.security.web.access.ExceptionTranslationFilter@1bb7b0fa, org.springframework.security.web.access.intercept.FilterSecurityInterceptor@de77585]
2021-04-09 17:10:03 -Context refreshed
2021-04-09 17:10:03 -Found 1 custom documentation plugin(s)
2021-04-09 17:10:03 -Scanning for api listing references
2021-04-09 17:10:03 -Starting ProtocolHandler ["http-nio-8000"]
2021-04-09 17:10:03 -Tomcat started on port(s): 8000 (http) with context path ''
2021-04-09 17:10:03 -Started AdminAppplication in 4.625 seconds (JVM running for 5.542)
2021-04-09 17:10:09 -Initializing Spring DispatcherServlet 'dispatcherServlet'
2021-04-09 17:10:09 -Initializing Servlet 'dispatcherServlet'
2021-04-09 17:10:09 -Completed initialization in 5 ms
2021-04-09 17:10:35 -{dataSource-1} closed
2021-04-09 17:10:35 -Shutting down ExecutorService 'applicationTaskExecutor'
2021-04-09 17:31:08 -Starting AdminAppplication on DESKTOP-0MTBOJ2 with PID 13800 (D:\mlb\cloud\boot-doulin\doulin-web\target\classes started by Administrator in D:\mlb\cloud\boot-doulin)
2021-04-09 17:31:08 -The following profiles are active: dev
2021-04-09 17:31:08 -Devtools property defaults active! Set 'spring.devtools.add-properties' to 'false' to disable
2021-04-09 17:31:08 -For additional web related logging consider setting the 'logging.level.web' property to 'DEBUG'
2021-04-09 17:31:09 -Multiple Spring Data modules found, entering strict repository configuration mode!
2021-04-09 17:31:09 -Bootstrapping Spring Data Redis repositories in DEFAULT mode.
2021-04-09 17:31:09 -Finished Spring Data repository scanning in 5ms. Found 0 Redis repository interfaces.
2021-04-09 17:31:09 -No MyBatis mapper was found in '[com.doulin.admin]' package. Please check your configuration.
2021-04-09 17:31:10 -Bean 'org.springframework.transaction.annotation.ProxyTransactionManagementConfiguration' of type [org.springframework.transaction.annotation.ProxyTransactionManagementConfiguration] is not eligible for getting processed by all BeanPostProcessors (for example: not eligible for auto-proxying)
2021-04-09 17:31:10 -Tomcat initialized with port(s): 8000 (http)
2021-04-09 17:31:10 -Initializing ProtocolHandler ["http-nio-8000"]
2021-04-09 17:31:10 -Starting service [Tomcat]
2021-04-09 17:31:10 -Starting Servlet engine: [Apache Tomcat/9.0.29]
2021-04-09 17:31:10 -An older version [1.2.18] of the APR based Apache Tomcat Native library is installed, while Tomcat recommends a minimum version of [1.2.23]
2021-04-09 17:31:10 -Loaded APR based Apache Tomcat Native library [1.2.18] using APR version [1.6.5].
2021-04-09 17:31:10 -APR capabilities: IPv6 [true], sendfile [true], accept filters [false], random [true].
2021-04-09 17:31:10 -APR/OpenSSL configuration: useAprConnector [false], useOpenSSL [true]
2021-04-09 17:31:11 -OpenSSL successfully initialized [OpenSSL 1.0.2p  14 Aug 2018]
2021-04-09 17:31:11 -Initializing Spring embedded WebApplicationContext
2021-04-09 17:31:11 -Root WebApplicationContext: initialization completed in 2509 ms
2021-04-09 17:31:11 -Mapped URL path [/v2/api-docs] onto method [springfox.documentation.swagger2.web.Swagger2Controller#getDocumentation(String, HttpServletRequest)]
2021-04-09 17:31:11 -Initializing ExecutorService 'applicationTaskExecutor'
2021-04-09 17:31:11 -LiveReload server is running on port 35729
2021-04-09 17:31:11 -Cannot find template location: classpath:/templates/ (please add some templates or check your Thymeleaf configuration)
2021-04-09 17:31:11 -[THYMELEAF][restartedMain] Template Mode 'LEGACYHTML5' is deprecated. Using Template Mode 'HTML' instead.
2021-04-09 17:31:11 -Init DruidDataSource
2021-04-09 17:31:11 -{dataSource-1} inited
2021-04-09 17:31:12 -

Using generated security password: 022268c5-1f84-4661-8c19-31fa9f65d492

2021-04-09 17:31:12 -Creating filter chain: any request, [org.springframework.security.web.context.request.async.WebAsyncManagerIntegrationFilter@209873bb, org.springframework.security.web.context.SecurityContextPersistenceFilter@17aff0d7, org.springframework.security.web.header.HeaderWriterFilter@2eb50484, org.springframework.security.web.csrf.CsrfFilter@24e6851c, org.springframework.security.web.authentication.logout.LogoutFilter@194cd0ee, org.springframework.security.web.authentication.UsernamePasswordAuthenticationFilter@6ba345ea, org.springframework.security.web.authentication.ui.DefaultLoginPageGeneratingFilter@6a2c4fba, org.springframework.security.web.authentication.ui.DefaultLogoutPageGeneratingFilter@4edee500, org.springframework.security.web.authentication.www.BasicAuthenticationFilter@481a1cf1, org.springframework.security.web.savedrequest.RequestCacheAwareFilter@4b409bb, org.springframework.security.web.servletapi.SecurityContextHolderAwareRequestFilter@3aa09ba0, org.springframework.security.web.authentication.AnonymousAuthenticationFilter@6cc7acc2, org.springframework.security.web.session.SessionManagementFilter@288e10b, org.springframework.security.web.access.ExceptionTranslationFilter@27e41639, org.springframework.security.web.access.intercept.FilterSecurityInterceptor@49af6d80]
2021-04-09 17:31:12 -Context refreshed
2021-04-09 17:31:12 -Found 1 custom documentation plugin(s)
2021-04-09 17:31:12 -Scanning for api listing references
2021-04-09 17:31:13 -Starting ProtocolHandler ["http-nio-8000"]
2021-04-09 17:31:13 -Tomcat started on port(s): 8000 (http) with context path ''
2021-04-09 17:31:13 -Started AdminAppplication in 4.734 seconds (JVM running for 6.289)
2021-04-09 17:31:29 -Initializing Spring DispatcherServlet 'dispatcherServlet'
2021-04-09 17:31:29 -Initializing Servlet 'dispatcherServlet'
2021-04-09 17:31:29 -Completed initialization in 5 ms
2021-04-09 17:32:07 -{dataSource-1} closed
2021-04-09 17:32:07 -Shutting down ExecutorService 'applicationTaskExecutor'
2021-04-09 17:32:15 -Starting AdminAppplication on DESKTOP-0MTBOJ2 with PID 9156 (D:\mlb\cloud\boot-doulin\doulin-web\target\classes started by Administrator in D:\mlb\cloud\boot-doulin)
2021-04-09 17:32:15 -The following profiles are active: dev
2021-04-09 17:32:15 -Devtools property defaults active! Set 'spring.devtools.add-properties' to 'false' to disable
2021-04-09 17:32:15 -For additional web related logging consider setting the 'logging.level.web' property to 'DEBUG'
2021-04-09 17:32:16 -Multiple Spring Data modules found, entering strict repository configuration mode!
2021-04-09 17:32:16 -Bootstrapping Spring Data Redis repositories in DEFAULT mode.
2021-04-09 17:32:16 -Finished Spring Data repository scanning in 4ms. Found 0 Redis repository interfaces.
2021-04-09 17:32:16 -No MyBatis mapper was found in '[com.doulin.admin]' package. Please check your configuration.
2021-04-09 17:32:16 -Bean 'org.springframework.transaction.annotation.ProxyTransactionManagementConfiguration' of type [org.springframework.transaction.annotation.ProxyTransactionManagementConfiguration] is not eligible for getting processed by all BeanPostProcessors (for example: not eligible for auto-proxying)
2021-04-09 17:32:16 -Tomcat initialized with port(s): 8000 (http)
2021-04-09 17:32:16 -Initializing ProtocolHandler ["http-nio-8000"]
2021-04-09 17:32:16 -Starting service [Tomcat]
2021-04-09 17:32:16 -Starting Servlet engine: [Apache Tomcat/9.0.29]
2021-04-09 17:32:16 -An older version [1.2.18] of the APR based Apache Tomcat Native library is installed, while Tomcat recommends a minimum version of [1.2.23]
2021-04-09 17:32:16 -Loaded APR based Apache Tomcat Native library [1.2.18] using APR version [1.6.5].
2021-04-09 17:32:16 -APR capabilities: IPv6 [true], sendfile [true], accept filters [false], random [true].
2021-04-09 17:32:16 -APR/OpenSSL configuration: useAprConnector [false], useOpenSSL [true]
2021-04-09 17:32:17 -OpenSSL successfully initialized [OpenSSL 1.0.2p  14 Aug 2018]
2021-04-09 17:32:17 -Initializing Spring embedded WebApplicationContext
2021-04-09 17:32:17 -Root WebApplicationContext: initialization completed in 2395 ms
2021-04-09 17:32:18 -Mapped URL path [/v2/api-docs] onto method [springfox.documentation.swagger2.web.Swagger2Controller#getDocumentation(String, HttpServletRequest)]
2021-04-09 17:32:18 -Initializing ExecutorService 'applicationTaskExecutor'
2021-04-09 17:32:18 -LiveReload server is running on port 35729
2021-04-09 17:32:18 -Cannot find template location: classpath:/templates/ (please add some templates or check your Thymeleaf configuration)
2021-04-09 17:32:18 -[THYMELEAF][restartedMain] Template Mode 'LEGACYHTML5' is deprecated. Using Template Mode 'HTML' instead.
2021-04-09 17:32:18 -Init DruidDataSource
2021-04-09 17:32:18 -{dataSource-1} inited
2021-04-09 17:32:19 -

Using generated security password: a1eff12b-2bf7-4ef4-90d1-362700c3624b

2021-04-09 17:32:19 -Creating filter chain: any request, [org.springframework.security.web.context.request.async.WebAsyncManagerIntegrationFilter@72c57da6, org.springframework.security.web.context.SecurityContextPersistenceFilter@7f316411, org.springframework.security.web.header.HeaderWriterFilter@64d2a0c1, org.springframework.security.web.csrf.CsrfFilter@52b22b38, org.springframework.security.web.authentication.logout.LogoutFilter@3a1df62a, org.springframework.security.web.authentication.UsernamePasswordAuthenticationFilter@5c78afec, org.springframework.security.web.authentication.ui.DefaultLoginPageGeneratingFilter@5d67304c, org.springframework.security.web.authentication.ui.DefaultLogoutPageGeneratingFilter@3339a9d5, org.springframework.security.web.authentication.www.BasicAuthenticationFilter@27104113, org.springframework.security.web.savedrequest.RequestCacheAwareFilter@36a43fa4, org.springframework.security.web.servletapi.SecurityContextHolderAwareRequestFilter@5d460c75, org.springframework.security.web.authentication.AnonymousAuthenticationFilter@4d8aead8, org.springframework.security.web.session.SessionManagementFilter@397ebd0c, org.springframework.security.web.access.ExceptionTranslationFilter@2519daca, org.springframework.security.web.access.intercept.FilterSecurityInterceptor@cc2f33]
2021-04-09 17:32:19 -Context refreshed
2021-04-09 17:32:19 -Found 1 custom documentation plugin(s)
2021-04-09 17:32:19 -Scanning for api listing references
2021-04-09 17:32:19 -Starting ProtocolHandler ["http-nio-8000"]
2021-04-09 17:32:19 -Tomcat started on port(s): 8000 (http) with context path ''
2021-04-09 17:32:19 -Started AdminAppplication in 4.515 seconds (JVM running for 5.425)
2021-04-09 17:32:30 -Initializing Spring DispatcherServlet 'dispatcherServlet'
2021-04-09 17:32:30 -Initializing Servlet 'dispatcherServlet'
2021-04-09 17:32:30 -Completed initialization in 5 ms
2021-04-09 17:35:57 -{dataSource-1} closed
2021-04-09 17:35:57 -Shutting down ExecutorService 'applicationTaskExecutor'
